<?xml version="1.0" encoding="UTF-8"?>
<!-- Generated by org.testng.reporters.JUnitXMLReporter -->
<testsuite hostname="DESKTOP-G4UIOEH" ignored="1" name="RegTest4" tests="3" failures="0" timestamp="2021-05-23T10:31:23 IST" time="0.088" errors="0">
  <testcase name="runTest1" time="0.015" classname="testng.prog.LearningGroups"/>
  <testcase name="runTest2" time="0.003" classname="testng.prog.LearningGroups"/>
  <testcase name="runTest4" time="0.002" classname="testng.prog.LearningGroups"/>
  <testcase name="runTest3" time="0.0" classname="testng.prog.LearningGroups">
    <ignored/>
  </testcase> <!-- runTest3 -->
</testsuite> <!-- RegTest4 -->
