<?xml version="1.0" encoding="UTF-8"?>
<!-- Generated by org.testng.reporters.JUnitXMLReporter -->
<testsuite hostname="DESKTOP-G4UIOEH" ignored="0" name="RegTest1" tests="3" failures="0" timestamp="2021-05-22T12:00:14 IST" time="198.625" errors="0">
  <testcase name="runTestS3_13VerifySorting" time="13.983" classname="testng.prog.TestS3_13VerifySorting"/>
  <testcase name="runTestS3_13VerifySorting" time="14.113" classname="testng.prog.TestS3_13VerifySorting"/>
  <testcase name="runTestS3_33DeleteLegalEntity" time="22.206" classname="testng.prog.TestS3_33DeleteLegalEntity"/>
</testsuite> <!-- RegTest1 -->
