<?xml version="1.0" encoding="UTF-8"?>
<!-- Generated by org.testng.reporters.JUnitXMLReporter -->
<testsuite hostname="DESKTOP-G4UIOEH" ignored="0" name="Test(failed)" tests="2" failures="0" timestamp="2021-06-01T06:18:34 IST" time="3.523" errors="0">
  <testcase name="@BeforeMethod preCondition" time="1.901" classname="readExcelFromBaseClass.Commondata.ExcelReadingTestngBaseClass">
    <failure type="io.github.bonigarcia.wdm.config.WebDriverManagerException" message="io.github.bonigarcia.wdm.config.WebDriverManagerException: java.net.UnknownHostException: chromedriver.storage.googleapis.com">
      <![CDATA[io.github.bonigarcia.wdm.config.WebDriverManagerException: io.github.bonigarcia.wdm.config.WebDriverManagerException: java.net.UnknownHostException: chromedriver.storage.googleapis.com
at io.github.bonigarcia.wdm.WebDriverManager.handleException(WebDriverManager.java:776)
at io.github.bonigarcia.wdm.WebDriverManager.manage(WebDriverManager.java:573)
at io.github.bonigarcia.wdm.WebDriverManager.fallback(WebDriverManager.java:792)
at io.github.bonigarcia.wdm.WebDriverManager.handleException(WebDriverManager.java:773)
at io.github.bonigarcia.wdm.WebDriverManager.manage(WebDriverManager.java:573)
at io.github.bonigarcia.wdm.WebDriverManager.handleException(WebDriverManager.java:766)
at io.github.bonigarcia.wdm.WebDriverManager.manage(WebDriverManager.java:573)
at io.github.bonigarcia.wdm.WebDriverManager.setup(WebDriverManager.java:287)
at readExcelFromBaseClass.Commondata.ExcelReadingTestngBaseClass.preCondition(ExcelReadingTestngBaseClass.java:24)
at java.util.ArrayList.forEach(Unknown Source)
Caused by: io.github.bonigarcia.wdm.config.WebDriverManagerException: java.net.UnknownHostException: chromedriver.storage.googleapis.com
at io.github.bonigarcia.wdm.WebDriverManager.getDriversFromXml(WebDriverManager.java:915)
at io.github.bonigarcia.wdm.managers.ChromeDriverManager.getDriverUrls(ChromeDriverManager.java:101)
at io.github.bonigarcia.wdm.WebDriverManager.createUrlHandler(WebDriverManager.java:797)
at io.github.bonigarcia.wdm.WebDriverManager.download(WebDriverManager.java:649)
at io.github.bonigarcia.wdm.WebDriverManager.manage(WebDriverManager.java:567)
... 39 more
Caused by: java.net.UnknownHostException: chromedriver.storage.googleapis.com
at java.net.InetAddress.getAllByName0(Unknown Source)
at java.net.InetAddress.getAllByName(Unknown Source)
at java.net.InetAddress.getAllByName(Unknown Source)
at org.apache.hc.client5.http.SystemDefaultDnsResolver.resolve(SystemDefaultDnsResolver.java:43)
at org.apache.hc.client5.http.impl.io.DefaultHttpClientConnectionOperator.connect(DefaultHttpClientConnectionOperator.java:118)
at org.apache.hc.client5.http.impl.io.PoolingHttpClientConnectionManager.connect(PoolingHttpClientConnectionManager.java:413)
at org.apache.hc.client5.http.impl.classic.InternalExecRuntime.connectEndpoint(InternalExecRuntime.java:164)
at org.apache.hc.client5.http.impl.classic.InternalExecRuntime.connectEndpoint(InternalExecRuntime.java:174)
at org.apache.hc.client5.http.impl.classic.ConnectExec.execute(ConnectExec.java:135)
at org.apache.hc.client5.http.impl.classic.ExecChainElement.execute(ExecChainElement.java:51)
at org.apache.hc.client5.http.impl.classic.ExecChainElement$1.proceed(ExecChainElement.java:57)
at org.apache.hc.client5.http.impl.classic.ProtocolExec.execute(ProtocolExec.java:169)
at org.apache.hc.client5.http.impl.classic.ExecChainElement.execute(ExecChainElement.java:51)
at org.apache.hc.client5.http.impl.classic.ExecChainElement$1.proceed(ExecChainElement.java:57)
at org.apache.hc.client5.http.impl.classic.HttpRequestRetryExec.execute(HttpRequestRetryExec.java:93)
at org.apache.hc.client5.http.impl.classic.ExecChainElement.execute(ExecChainElement.java:51)
at org.apache.hc.client5.http.impl.classic.ExecChainElement$1.proceed(ExecChainElement.java:57)
at org.apache.hc.client5.http.impl.classic.ContentCompressionExec.execute(ContentCompressionExec.java:128)
at org.apache.hc.client5.http.impl.classic.ExecChainElement.execute(ExecChainElement.java:51)
at org.apache.hc.client5.http.impl.classic.ExecChainElement$1.proceed(ExecChainElement.java:57)
at org.apache.hc.client5.http.impl.classic.RedirectExec.execute(RedirectExec.java:116)
at org.apache.hc.client5.http.impl.classic.ExecChainElement.execute(ExecChainElement.java:51)
at org.apache.hc.client5.http.impl.classic.InternalHttpClient.doExecute(InternalHttpClient.java:178)
at org.apache.hc.client5.http.impl.classic.CloseableHttpClient.execute(CloseableHttpClient.java:75)
at org.apache.hc.client5.http.impl.classic.CloseableHttpClient.execute(CloseableHttpClient.java:89)
at io.github.bonigarcia.wdm.online.HttpClient.execute(HttpClient.java:139)
at io.github.bonigarcia.wdm.WebDriverManager.getDriversFromXml(WebDriverManager.java:900)
... 43 more
... Removed 31 stack frames]]>
    </failure>
  </testcase> <!-- @BeforeMethod preCondition -->
  <testcase name="@BeforeMethod preCondition" time="0.624" classname="readExcelFromBaseClass.Commondata.ExcelReadingTestngBaseClass">
    <failure type="io.github.bonigarcia.wdm.config.WebDriverManagerException" message="io.github.bonigarcia.wdm.config.WebDriverManagerException: java.net.UnknownHostException: chromedriver.storage.googleapis.com">
      <![CDATA[io.github.bonigarcia.wdm.config.WebDriverManagerException: io.github.bonigarcia.wdm.config.WebDriverManagerException: java.net.UnknownHostException: chromedriver.storage.googleapis.com
at io.github.bonigarcia.wdm.WebDriverManager.handleException(WebDriverManager.java:776)
at io.github.bonigarcia.wdm.WebDriverManager.manage(WebDriverManager.java:573)
at io.github.bonigarcia.wdm.WebDriverManager.fallback(WebDriverManager.java:792)
at io.github.bonigarcia.wdm.WebDriverManager.handleException(WebDriverManager.java:773)
at io.github.bonigarcia.wdm.WebDriverManager.manage(WebDriverManager.java:573)
at io.github.bonigarcia.wdm.WebDriverManager.handleException(WebDriverManager.java:766)
at io.github.bonigarcia.wdm.WebDriverManager.manage(WebDriverManager.java:573)
at io.github.bonigarcia.wdm.WebDriverManager.setup(WebDriverManager.java:287)
at readExcelFromBaseClass.Commondata.ExcelReadingTestngBaseClass.preCondition(ExcelReadingTestngBaseClass.java:24)
at java.util.ArrayList.forEach(Unknown Source)
Caused by: io.github.bonigarcia.wdm.config.WebDriverManagerException: java.net.UnknownHostException: chromedriver.storage.googleapis.com
at io.github.bonigarcia.wdm.WebDriverManager.getDriversFromXml(WebDriverManager.java:915)
at io.github.bonigarcia.wdm.managers.ChromeDriverManager.getDriverUrls(ChromeDriverManager.java:101)
at io.github.bonigarcia.wdm.WebDriverManager.createUrlHandler(WebDriverManager.java:797)
at io.github.bonigarcia.wdm.WebDriverManager.download(WebDriverManager.java:649)
at io.github.bonigarcia.wdm.WebDriverManager.manage(WebDriverManager.java:567)
... 39 more
Caused by: java.net.UnknownHostException: chromedriver.storage.googleapis.com
at java.net.InetAddress.getAllByName0(Unknown Source)
at java.net.InetAddress.getAllByName(Unknown Source)
at java.net.InetAddress.getAllByName(Unknown Source)
at org.apache.hc.client5.http.SystemDefaultDnsResolver.resolve(SystemDefaultDnsResolver.java:43)
at org.apache.hc.client5.http.impl.io.DefaultHttpClientConnectionOperator.connect(DefaultHttpClientConnectionOperator.java:118)
at org.apache.hc.client5.http.impl.io.PoolingHttpClientConnectionManager.connect(PoolingHttpClientConnectionManager.java:413)
at org.apache.hc.client5.http.impl.classic.InternalExecRuntime.connectEndpoint(InternalExecRuntime.java:164)
at org.apache.hc.client5.http.impl.classic.InternalExecRuntime.connectEndpoint(InternalExecRuntime.java:174)
at org.apache.hc.client5.http.impl.classic.ConnectExec.execute(ConnectExec.java:135)
at org.apache.hc.client5.http.impl.classic.ExecChainElement.execute(ExecChainElement.java:51)
at org.apache.hc.client5.http.impl.classic.ExecChainElement$1.proceed(ExecChainElement.java:57)
at org.apache.hc.client5.http.impl.classic.ProtocolExec.execute(ProtocolExec.java:169)
at org.apache.hc.client5.http.impl.classic.ExecChainElement.execute(ExecChainElement.java:51)
at org.apache.hc.client5.http.impl.classic.ExecChainElement$1.proceed(ExecChainElement.java:57)
at org.apache.hc.client5.http.impl.classic.HttpRequestRetryExec.execute(HttpRequestRetryExec.java:93)
at org.apache.hc.client5.http.impl.classic.ExecChainElement.execute(ExecChainElement.java:51)
at org.apache.hc.client5.http.impl.classic.ExecChainElement$1.proceed(ExecChainElement.java:57)
at org.apache.hc.client5.http.impl.classic.ContentCompressionExec.execute(ContentCompressionExec.java:128)
at org.apache.hc.client5.http.impl.classic.ExecChainElement.execute(ExecChainElement.java:51)
at org.apache.hc.client5.http.impl.classic.ExecChainElement$1.proceed(ExecChainElement.java:57)
at org.apache.hc.client5.http.impl.classic.RedirectExec.execute(RedirectExec.java:116)
at org.apache.hc.client5.http.impl.classic.ExecChainElement.execute(ExecChainElement.java:51)
at org.apache.hc.client5.http.impl.classic.InternalHttpClient.doExecute(InternalHttpClient.java:178)
at org.apache.hc.client5.http.impl.classic.CloseableHttpClient.execute(CloseableHttpClient.java:75)
at org.apache.hc.client5.http.impl.classic.CloseableHttpClient.execute(CloseableHttpClient.java:89)
at io.github.bonigarcia.wdm.online.HttpClient.execute(HttpClient.java:139)
at io.github.bonigarcia.wdm.WebDriverManager.getDriversFromXml(WebDriverManager.java:900)
... 43 more
... Removed 31 stack frames]]>
    </failure>
  </testcase> <!-- @BeforeMethod preCondition -->
  <testcase name="excelreadingTestS3_3EditOpportunity" time="0.0" classname="readExcelFromBaseClass.Commondata.ExcelReadingS3_3EditOpportunity">
    <skipped/>
  </testcase> <!-- excelreadingTestS3_3EditOpportunity -->
  <testcase name="excelreadingTestS3_3EditOpportunity" time="0.0" classname="readExcelFromBaseClass.Commondata.ExcelReadingS3_3EditOpportunity">
    <skipped/>
  </testcase> <!-- excelreadingTestS3_3EditOpportunity -->
</testsuite> <!-- Test(failed) -->
