<?xml version="1.0" encoding="UTF-8"?>
<testng-results skipped="0" failed="0" ignored="0" total="1" passed="1">
  <reporter-output>
  </reporter-output>
  <suite name="Default suite" duration-ms="51635" started-at="2021-06-06T12:34:26 IST" finished-at="2021-06-06T12:35:18 IST">
    <groups>
    </groups>
    <test name="Default test" duration-ms="51635" started-at="2021-06-06T12:34:26 IST" finished-at="2021-06-06T12:35:18 IST">
      <class name="testng.prog.TestS3_70attachDocument">
        <test-method status="PASS" signature="preCondition()[pri:0, instance:testng.prog.TestS3_70attachDocument@782663d3]" name="preCondition" is-config="true" duration-ms="36166" started-at="2021-06-06T12:34:26 IST" finished-at="2021-06-06T12:35:02 IST">
          <reporter-output>
          </reporter-output>
        </test-method> <!-- preCondition -->
        <test-method status="PASS" signature="runTestS3_70attachDocument()[pri:0, instance:testng.prog.TestS3_70attachDocument@782663d3]" name="runTestS3_70attachDocument" duration-ms="15427" started-at="2021-06-06T12:35:02 IST" finished-at="2021-06-06T12:35:18 IST">
          <reporter-output>
          </reporter-output>
        </test-method> <!-- runTestS3_70attachDocument -->
      </class> <!-- testng.prog.TestS3_70attachDocument -->
    </test> <!-- Default test -->
  </suite> <!-- Default suite -->
</testng-results>
